<?xml version="1.0" encoding="UTF-8"?>
<!-- Generated by org.testng.reporters.JUnitReportReporter -->
<testsuite skipped="0" hostname="VIMAL" name="com.bank.AppTest" tests="1" failures="0" timestamp="02 Dec 2021 10:48:19 GMT" time="0.009" errors="0">
  <testcase name="shouldAnswerWithTrue" time="0.009" classname="com.bank.AppTest"/>
</testsuite> <!-- com.bank.AppTest -->
